http://www.thinkmate.com/product/amd/ad7300okhlbox CPU
http://www.thinkmate.com/product/amd/ad740kybjabox CPU
http://www.thinkmate.com/product/intel/bx80662g3900 CPU
http://www.thinkmate.com/product/intel/bx80662g3920 CPU
http://www.thinkmate.com/product/intel/bx80646i34170 CPU
http://www.thinkmate.com/product/intel/bx80662i36100 CPU
http://www.thinkmate.com/product/intel/bx80662i36300 CPU
http://www.thinkmate.com/product/intel/bx80662i36320 CPU
http://www.thinkmate.com/product/intel/bx80662g4400 CPU
http://www.thinkmate.com/product/intel/bx80662g4500 CPU
http://www.thinkmate.com/product/intel/bx80662g4520 CPU
http://www.thinkmate.com/product/amd/fd8320frhkbox CPU
http://www.thinkmate.com/product/amd/fd8350frhkbox CPU
http://www.thinkmate.com/product/amd/os6320wkt8ghk CPU
http://www.thinkmate.com/product/amd/os6328wkt8ghk CPU
http://www.thinkmate.com/product/intel/bx80648i75960x CPU
http://www.thinkmate.com/product/intel/bx80671i76900k CPU
http://www.thinkmate.com/product/intel/cm8064401909200 CPU
http://www.thinkmate.com/product/intel/cm8066002646401 CPU
http://www.thinkmate.com/product/intel/cm8064401547809 CPU
http://www.thinkmate.com/product/intel/cm8066002044401 CPU
http://www.thinkmate.com/product/intel/bx80660e52609v4 CPU
http://www.thinkmate.com/product/intel/bx80660e52620v4 CPU
http://www.thinkmate.com/product/intel/bx80644e52630v3 CPU
http://www.thinkmate.com/product/intel/cm8064401832100 CPU
http://www.thinkmate.com/product/intel/bx80635e52640v2 CPU
http://www.thinkmate.com/product/intel/bx80644e52640v3 CPU
http://www.thinkmate.com/product/intel/bx80635e52650v2 CPU
http://www.thinkmate.com/product/intel/cm8063501287304 CPU
http://www.thinkmate.com/product/intel/cm8064401724301 CPU
http://www.thinkmate.com/product/intel/cm8066002041900 CPU
http://www.thinkmate.com/product/intel/bx80635e52687v2 CPU
http://www.thinkmate.com/product/intel/cm8063501521600 CPU
http://www.thinkmate.com/product/intel/cm8063501393202 CPU
http://www.thinkmate.com/product/intel/cm8063501454002 CPU
http://www.thinkmate.com/product/intel/bx80660e52695v4 CPU
http://www.thinkmate.com/product/intel/bx80660e52697v4 CPU
http://www.thinkmate.com/product/intel/cm8064401739300 CPU
http://www.thinkmate.com/product/intel/cm8066002033006 CPU
http://www.thinkmate.com/product/intel/bx80660e52660v4 CPU
http://www.thinkmate.com/product/intel/bx80660e52680v4 CPU
http://www.thinkmate.com/product/intel/cm8064401609728 CPU
http://www.thinkmate.com/product/intel/bx80660e52690v4 CPU
http://www.thinkmate.com/product/intel/bx80644e52695v3 CPU
http://www.thinkmate.com/product/intel/bx80644e52697v3 CPU
http://www.thinkmate.com/product/amd/ad770kxbjabox CPU
http://www.thinkmate.com/product/amd/ad7600ybjabox CPU
http://www.thinkmate.com/product/amd/fd4300wmhkbox CPU
http://www.thinkmate.com/product/amd/os6308wkt4ghk CPU
http://www.thinkmate.com/product/intel/bx80662i56400 CPU
http://www.thinkmate.com/product/intel/bx80662i56500 CPU
http://www.thinkmate.com/product/intel/bx80662i56600 CPU
http://www.thinkmate.com/product/intel/bx80662i56600k CPU
http://www.thinkmate.com/product/intel/bx80662i76700 CPU
http://www.thinkmate.com/product/intel/bx80662i76700k CPU
http://www.thinkmate.com/product/intel/bx80646e31220v3 CPU
http://www.thinkmate.com/product/intel/bx80662e31220v5 CPU
http://www.thinkmate.com/product/intel/bx80662e31225v5 CPU
http://www.thinkmate.com/product/intel/bx80646e31226v3 CPU
http://www.thinkmate.com/product/intel/bx80662e31230v5 CPU
http://www.thinkmate.com/product/intel/bx80646e31231v3 CPU
http://www.thinkmate.com/product/intel/cm8066201935807 CPU
http://www.thinkmate.com/product/intel/bx80662e31240v5 CPU
http://www.thinkmate.com/product/intel/cm8066201935808 CPU
http://www.thinkmate.com/product/intel/bx80646e31241v3 CPU
http://www.thinkmate.com/product/intel/bx80662e31245v5 CPU
http://www.thinkmate.com/product/intel/bx80646e31246v3 CPU
http://www.thinkmate.com/product/intel/cm8066201921903 CPU
http://www.thinkmate.com/product/intel/bx80662e31270v5 CPU
http://www.thinkmate.com/product/intel/bx80646e31271v3 CPU
http://www.thinkmate.com/product/intel/bx80662e31275v5 CPU
http://www.thinkmate.com/product/intel/bx80646e31276v3 CPU
http://www.thinkmate.com/product/intel/cm8066201921607 CPU
http://www.thinkmate.com/product/intel/cm8063501292405 CPU
http://www.thinkmate.com/product/intel/bx80644e51620v3 CPU
http://www.thinkmate.com/product/intel/bx80660e51620v4 CPU
http://www.thinkmate.com/product/intel/cm8064401614501 CPU
http://www.thinkmate.com/product/intel/cm8066002395300 CPU
http://www.thinkmate.com/product/intel/bx80635e52603v2 CPU
http://www.thinkmate.com/product/intel/bx80635e52609v2 CPU
http://www.thinkmate.com/product/intel/cm8064401832000 CPU
http://www.thinkmate.com/product/intel/cm8066002402400 CPU
http://www.thinkmate.com/product/intel/cm8063501520800 CPU
http://www.thinkmate.com/product/intel/cm8064401724101 CPU
http://www.thinkmate.com/product/intel/cm8066002041100 CPU
http://www.thinkmate.com/product/intel/cm8063501453800 CPU
http://www.thinkmate.com/product/amd/fd6300wmhkbox CPU
http://www.thinkmate.com/product/amd/fd6350frhkbox CPU
http://www.thinkmate.com/product/intel/bx80648i75820k CPU
http://www.thinkmate.com/product/intel/bx80648i75930k CPU
http://www.thinkmate.com/product/intel/bx80671i76800k CPU
http://www.thinkmate.com/product/intel/bx80671i76850k CPU
http://www.thinkmate.com/product/intel/cm8063501292204 CPU
http://www.thinkmate.com/product/intel/bx80644e51650v3 CPU
http://www.thinkmate.com/product/intel/bx80660e51650v4 CPU
http://www.thinkmate.com/product/intel/bx80635e51660v2 CPU
http://www.thinkmate.com/product/intel/bx80644e52603v3 CPU
http://www.thinkmate.com/product/intel/bx80660e52603v4 CPU
http://www.thinkmate.com/product/intel/bx80644e52609v3 CPU
http://www.thinkmate.com/product/intel/bx80635e52620v2 CPU
http://www.thinkmate.com/product/intel/bx80644e52620v3 CPU
http://www.thinkmate.com/product/intel/bx80635e52630v2 CPU
http://www.thinkmate.com/product/intel/cm8063501376200 CPU
http://www.thinkmate.com/product/intel/cm8063501287403 CPU
http://www.thinkmate.com/product/intel/cm8064401440408 CPU
http://www.thinkmate.com/product/intel/cm8066002041500 CPU
http://www.thinkmate.com/product/intel/cm8063501377604 CPU
http://www.thinkmate.com/product/amd/os6366vatgghk CPU
http://www.thinkmate.com/product/amd/os6370wqtgghk CPU
http://www.thinkmate.com/product/amd/os6376wktgghk CPU
http://www.thinkmate.com/product/amd/os6378wktgghk CPU
http://www.thinkmate.com/product/amd/os6380wktgghk CPU
http://www.thinkmate.com/product/amd/os6386yetgghk CPU
http://www.thinkmate.com/product/intel/bx80660e52683v4 CPU
http://www.thinkmate.com/product/intel/cm8066002645900 CPU
http://www.thinkmate.com/product/intel/cm8064401609800 CPU
http://www.thinkmate.com/product/intel/bx80671i76950x CPU
http://www.thinkmate.com/product/intel/bx80660e52630v4 CPU
http://www.thinkmate.com/product/intel/cm8066002033202 CPU
http://www.thinkmate.com/product/intel/bx80660e52640v4 CPU
http://www.thinkmate.com/product/intel/bx80644e52650v3 CPU
http://www.thinkmate.com/product/intel/cm8063501287602 CPU
http://www.thinkmate.com/product/intel/bx80635e52660v2 CPU
http://www.thinkmate.com/product/intel/bx80644e52660v3 CPU
http://www.thinkmate.com/product/intel/bx80635e52670v2 CPU
http://www.thinkmate.com/product/intel/bx80635e52680v2 CPU
http://www.thinkmate.com/product/intel/bx80644e52687v3 CPU
http://www.thinkmate.com/product/intel/bx80635e52690v2 CPU
http://www.thinkmate.com/product/intel/cm8063501285713 CPU
http://www.thinkmate.com/product/intel/cm8063501541700 CPU
http://www.thinkmate.com/product/amd/os6338wqtcghk CPU
http://www.thinkmate.com/product/amd/os6344wktcghk CPU
http://www.thinkmate.com/product/amd/os6348wktcghk CPU
http://www.thinkmate.com/product/intel/bx80660e52650v4 CPU
http://www.thinkmate.com/product/intel/cm8064401575702 CPU
http://www.thinkmate.com/product/intel/bx80644e52670v3 CPU
http://www.thinkmate.com/product/intel/bx80644e52680v3 CPU
http://www.thinkmate.com/product/intel/bx80660e52687v4 CPU
http://www.thinkmate.com/product/intel/bx80644e52690v3 CPU
http://www.thinkmate.com/product/intel/bx80635e52695v2 CPU
http://www.thinkmate.com/product/intel/bx80635e52697v2 CPU
http://www.thinkmate.com/product/intel/cm8063501285605 CPU
http://www.thinkmate.com/product/intel/cm8066002024000 CPU
http://www.thinkmate.com/product/intel/cm8066002022506 CPU
