http://www.thinkmate.com/product/seagate/st1000nm0023 HDD
http://www.thinkmate.com/product/toshiba/mg03sca100 HDD
http://www.thinkmate.com/product/seagate/st1000nx0333 HDD
http://www.thinkmate.com/product/seagate/st1000nx0313 HDD
http://www.thinkmate.com/product/western-digital/wd10jplx HDD
http://www.thinkmate.com/product/seagate/st1000dm003 HDD
http://www.thinkmate.com/product/seagate/st1000nm0033 HDD
http://www.thinkmate.com/product/toshiba/mg03aca100 HDD
http://www.thinkmate.com/product/western-digital/wd1003fzex HDD
http://www.thinkmate.com/product/western-digital/wd1004fbyz HDD
http://www.thinkmate.com/product/western-digital/wd1002f9yz HDD
http://www.thinkmate.com/product/hitachi/0b25168 HDD
http://www.thinkmate.com/product/hitachi/0b28807 HDD
http://www.thinkmate.com/product/seagate/st1200mm0018 HDD
http://www.thinkmate.com/product/hitachi/0b29921 HDD
http://www.thinkmate.com/product/seagate/st1800mm0018 HDD
http://www.thinkmate.com/product/hitachi/0f27352 HDD
http://www.thinkmate.com/product/hitachi/0f27452 HDD
http://www.thinkmate.com/product/toshiba/mk1401grrb HDD
http://www.thinkmate.com/product/toshiba/mg03sca200 HDD
http://www.thinkmate.com/product/seagate/st2000nx0273 HDD
http://www.thinkmate.com/product/hitachi/0f22799 HDD
http://www.thinkmate.com/product/seagate/st2000nm0034 HDD
http://www.thinkmate.com/product/seagate/st2000nx0253 HDD
http://www.thinkmate.com/product/hitachi/0f23009 HDD
http://www.thinkmate.com/product/hitachi/0f23092 HDD
http://www.thinkmate.com/product/seagate/st2000dm001 HDD
http://www.thinkmate.com/product/seagate/st2000nm0024 HDD
http://www.thinkmate.com/product/toshiba/mc04aca200e HDD
http://www.thinkmate.com/product/toshiba/mg03aca200 HDD
http://www.thinkmate.com/product/western-digital/wd2003fzex HDD
http://www.thinkmate.com/product/western-digital/wd2000f9yz HDD
http://www.thinkmate.com/product/toshiba/mg03sca300 HDD
http://www.thinkmate.com/product/toshiba/mc04aca300e HDD
http://www.thinkmate.com/product/toshiba/mg03aca300 HDD
http://www.thinkmate.com/product/western-digital/wd3003fzex HDD
http://www.thinkmate.com/product/western-digital/wd3000fyyz HDD
http://www.thinkmate.com/product/western-digital/wd3000f9yz HDD
http://www.thinkmate.com/product/hitachi/0b26011 HDD
http://www.thinkmate.com/product/toshiba/al13seb300 HDD
http://www.thinkmate.com/product/toshiba/mk3001grrb HDD
http://www.thinkmate.com/product/hitachi/0b28810 HDD
http://www.thinkmate.com/product/hitachi/0b28955 HDD
http://www.thinkmate.com/product/seagate/st300mp0005 HDD
http://www.thinkmate.com/product/western-digital/wd3200lpvx HDD
http://www.thinkmate.com/product/western-digital/wd3200bekx HDD
http://www.thinkmate.com/product/toshiba/mg03sca400 HDD
http://www.thinkmate.com/product/hitachi/0f22795 HDD
http://www.thinkmate.com/product/seagate/st4000nm0034 HDD
http://www.thinkmate.com/product/seagate/st4000dm000 HDD
http://www.thinkmate.com/product/hitachi/0f23005 HDD
http://www.thinkmate.com/product/hitachi/0f23090 HDD
http://www.thinkmate.com/product/seagate/st4000nm0024 HDD
http://www.thinkmate.com/product/toshiba/mc04aca400e HDD
http://www.thinkmate.com/product/toshiba/mg03aca400 HDD
http://www.thinkmate.com/product/western-digital/wd4003fzex HDD
http://www.thinkmate.com/product/western-digital/wd4000fyyz HDD
http://www.thinkmate.com/product/western-digital/wd4000f9yz HDD
http://www.thinkmate.com/product/seagate/st5000as0011 HDD
http://www.thinkmate.com/product/toshiba/mc04aca500e HDD
http://www.thinkmate.com/product/western-digital/wd5001fsyz HDD
http://www.thinkmate.com/product/western-digital/wd5001f9yz HDD
http://www.thinkmate.com/product/western-digital/wd5000lplx HDD
http://www.thinkmate.com/product/western-digital/wd5003abyz HDD
http://www.thinkmate.com/product/hitachi/0f22791 HDD
http://www.thinkmate.com/product/hitachi/0f23270 HDD
http://www.thinkmate.com/product/seagate/st6000nm0034 HDD
http://www.thinkmate.com/product/seagate/st6000dm001 HDD
http://www.thinkmate.com/product/seagate/st6000as0002 HDD
http://www.thinkmate.com/product/hitachi/0f23269 HDD
http://www.thinkmate.com/product/hitachi/0f23001 HDD
http://www.thinkmate.com/product/seagate/st6000nm0024 HDD
http://www.thinkmate.com/product/western-digital/wd6001fsyz HDD
http://www.thinkmate.com/product/western-digital/wd6001f9yz HDD
http://www.thinkmate.com/product/hitachi/0b26013 HDD
http://www.thinkmate.com/product/toshiba/al13seb600 HDD
http://www.thinkmate.com/product/hitachi/0b28808 HDD
http://www.thinkmate.com/product/seagate/st600mm0018 HDD
http://www.thinkmate.com/product/hitachi/0b28953 HDD
http://www.thinkmate.com/product/seagate/st600mp0005 HDD
http://www.thinkmate.com/product/western-digital/wd7500bpkx HDD
http://www.thinkmate.com/product/hitachi/0f23268 HDD
http://www.thinkmate.com/product/seagate/st8000nm0075 HDD
http://www.thinkmate.com/product/seagate/st8000dm002 HDD
http://www.thinkmate.com/product/seagate/st8000as0002 HDD
http://www.thinkmate.com/product/hitachi/0f23267 HDD
http://www.thinkmate.com/product/seagate/st8000nm0055 HDD
http://www.thinkmate.com/product/hitachi/0b26014 HDD
http://www.thinkmate.com/product/toshiba/al13seb900 HDD
http://www.thinkmate.com/product/hitachi/0b29919 HDD
http://www.thinkmate.com/product/hitachi/0b27976 HDD
http://www.thinkmate.com/product/seagate/st900mm0018 HDD
