http://www.thinkmate.com/product/intel/ssdpedmw012t4x1 PCIe-SSD
http://www.thinkmate.com/product/intel/ssdpedmw400g4x1 PCIe-SSD
http://www.thinkmate.com/product/intel/ssdpedmw800g4x1 PCIe-SSD
http://www.thinkmate.com/product/intel/ssdpedmx012t401 PCIe-SSD
http://www.thinkmate.com/product/intel/ssdpedmx020t401 PCIe-SSD
http://www.thinkmate.com/product/intel/ssdpedmx400g401 PCIe-SSD
http://www.thinkmate.com/product/intel/ssdpedmx012t701 PCIe-SSD
http://www.thinkmate.com/product/intel/ssdpedmx020t701 PCIe-SSD
http://www.thinkmate.com/product/intel/ssdpedme012t401 PCIe-SSD
http://www.thinkmate.com/product/intel/ssdpedme016t401 PCIe-SSD
http://www.thinkmate.com/product/intel/ssdpedme020t401 PCIe-SSD
http://www.thinkmate.com/product/intel/ssdpedme400g401 PCIe-SSD
http://www.thinkmate.com/product/intel/ssdpedme800g401 PCIe-SSD
http://www.thinkmate.com/product/intel/ssdpecme016t401 PCIe-SSD
http://www.thinkmate.com/product/intel/ssdpecme032t401 PCIe-SSD
http://www.thinkmate.com/product/intel/ssdpecme040t401 PCIe-SSD
http://www.thinkmate.com/product/intel/ssdpedmd016t401 PCIe-SSD
http://www.thinkmate.com/product/intel/ssdpedmd020t401 PCIe-SSD
http://www.thinkmate.com/product/intel/ssdpedmd400g401 PCIe-SSD
http://www.thinkmate.com/product/intel/ssdpedmd800g401 PCIe-SSD
