http://www.thinkmate.com/product/crucial/ct1050mx300ssd1 SSD
http://www.thinkmate.com/product/crucial/ct1050mx300ssd4 SSD
http://www.thinkmate.com/product/intel/ssdsc2kw010x6x1 SSD
http://www.thinkmate.com/product/intel/ssdsckkw010x6x1 SSD
http://www.thinkmate.com/product/intel/ssdpekkw010t7x1 SSD
http://www.thinkmate.com/product/intel/ssdsc2ki010x601 SSD
http://www.thinkmate.com/product/intel/ssdsc2kf010x6x1 SSD
http://www.thinkmate.com/product/intel/ssdsckkf010x6x1 SSD
http://www.thinkmate.com/product/intel/ssdpekkf010t7x1 SSD
http://www.thinkmate.com/product/micron/mtfddak1t0tbn-1ar1zabyy SSD
http://www.thinkmate.com/product/micron/mtfddav1t0tbn-1ar1zabyy SSD
http://www.thinkmate.com/product/samsung/mz-75e1t0b/am SSD
http://www.thinkmate.com/product/samsung/mz-n5e1t0bw SSD
http://www.thinkmate.com/product/samsung/mz-m5e1t0bw SSD
http://www.thinkmate.com/product/samsung/mz-7ke1t0bw SSD
http://www.thinkmate.com/product/samsung/mz-v6e1t0bw SSD
http://www.thinkmate.com/product/samsung/mz-v6p1t0bw SSD
http://www.thinkmate.com/product/hitachi/0b32262 SSD
http://www.thinkmate.com/product/intel/ssdpe2mw012t4x1 SSD
http://www.thinkmate.com/product/intel/ssdpe2mx012t401 SSD
http://www.thinkmate.com/product/intel/ssdpe2mx012t701 SSD
http://www.thinkmate.com/product/intel/ssdpe2me012t401 SSD
http://www.thinkmate.com/product/intel/ssdsc2bb012t601 SSD
http://www.thinkmate.com/product/intel/ssdsc2bb012t701 SSD
http://www.thinkmate.com/product/intel/ssdsc2bx012t401 SSD
http://www.thinkmate.com/product/intel/ssdsc2ba012t401 SSD
http://www.thinkmate.com/product/toshiba/px02smb160 SSD
http://www.thinkmate.com/product/toshiba/px03snb160 SSD
http://www.thinkmate.com/product/intel/ssdpe2me016t401 SSD
http://www.thinkmate.com/product/intel/ssdpe2md016t401 SSD
http://www.thinkmate.com/product/intel/ssdsc2bb016t601 SSD
http://www.thinkmate.com/product/intel/ssdsc2bb016t701 SSD
http://www.thinkmate.com/product/intel/ssdsc2bx016t401 SSD
http://www.thinkmate.com/product/micron/mtfdjal1t6mbt-2an1zabyy SSD
http://www.thinkmate.com/product/micron/mtfdjal1t6mbs-2an1zabyy SSD
http://www.thinkmate.com/product/hitachi/0b32263 SSD
http://www.thinkmate.com/product/samsung/mz-7lm1t9e SSD
http://www.thinkmate.com/product/samsung/mz-7km1t9e SSD
http://www.thinkmate.com/product/micron/mtfdjal1t9mbu-2an1zabyy SSD
http://www.thinkmate.com/product/micron/mtfdjal1t9mbt-2an1zabyy SSD
http://www.thinkmate.com/product/hitachi/0b32068 SSD
http://www.thinkmate.com/product/toshiba/px02ssf010 SSD
http://www.thinkmate.com/product/intel/ssdsc2kw120h6x1 SSD
http://www.thinkmate.com/product/intel/ssdsckkw120h6x1 SSD
http://www.thinkmate.com/product/intel/ssdsc2bb120g601 SSD
http://www.thinkmate.com/product/intel/ssdsc2kf120h6x1 SSD
http://www.thinkmate.com/product/intel/ssdsckkf120h6x1 SSD
http://www.thinkmate.com/product/micron/mtfddak120mbb-1ae1zabyy SSD
http://www.thinkmate.com/product/micron/mtfddak120mbp-1an1zabyy SSD
http://www.thinkmate.com/product/samsung/mz-750120bw SSD
http://www.thinkmate.com/product/samsung/mz-75e120b/am SSD
http://www.thinkmate.com/product/samsung/mz-n5e120bw SSD
http://www.thinkmate.com/product/samsung/mz-m5e120bw SSD
http://www.thinkmate.com/product/samsung/mz-7lm120e SSD
http://www.thinkmate.com/product/samsung/mz-7km120e SSD
http://www.thinkmate.com/product/intel/ssdpekkw128g7x1 SSD
http://www.thinkmate.com/product/intel/ssdpekkf128g7x1 SSD
http://www.thinkmate.com/product/samsung/mz-7ke128bw SSD
http://www.thinkmate.com/product/intel/ssdsc2bb150g701 SSD
http://www.thinkmate.com/product/intel/ssdsc2kw180h6x1 SSD
http://www.thinkmate.com/product/intel/ssdsckkw180h6x1 SSD
http://www.thinkmate.com/product/intel/ssdsc2ki180h601 SSD
http://www.thinkmate.com/product/intel/ssdsc2kf180h6x1 SSD
http://www.thinkmate.com/product/intel/ssdsckkf180h6x1 SSD
http://www.thinkmate.com/product/crucial/ct2050mx300ssd1 SSD
http://www.thinkmate.com/product/intel/ssdpe2mx020t401 SSD
http://www.thinkmate.com/product/intel/ssdpe2mx020t701 SSD
http://www.thinkmate.com/product/intel/ssdpe2me020t401 SSD
http://www.thinkmate.com/product/intel/ssdpe2md020t401 SSD
http://www.thinkmate.com/product/micron/mtfddak2t0tbn-1ar1zabyy SSD
http://www.thinkmate.com/product/samsung/mz-75e2t0b/am SSD
http://www.thinkmate.com/product/samsung/mz-7ke2t0bw SSD
http://www.thinkmate.com/product/samsung/mz-v6p2t0bw SSD
http://www.thinkmate.com/product/intel/ssdsc2bx200g401 SSD
http://www.thinkmate.com/product/intel/ssdsc2ba200g401 SSD
http://www.thinkmate.com/product/micron/mtfdjak200mbw-2an1zabyy SSD
http://www.thinkmate.com/product/hitachi/0b32069 SSD
http://www.thinkmate.com/product/toshiba/px02smf020 SSD
http://www.thinkmate.com/product/toshiba/px02ssf020 SSD
http://www.thinkmate.com/product/toshiba/px03snf020 SSD
http://www.thinkmate.com/product/intel/ssdsc2kw240h6x1 SSD
http://www.thinkmate.com/product/intel/ssdsckkw240h6x1 SSD
http://www.thinkmate.com/product/intel/ssdsc2ki240h601 SSD
http://www.thinkmate.com/product/intel/ssdsc2bb240g601 SSD
http://www.thinkmate.com/product/intel/ssdsc2bb240g701 SSD
http://www.thinkmate.com/product/intel/ssdsc2kf240h6x1 SSD
http://www.thinkmate.com/product/intel/ssdsckkf240h6x1 SSD
http://www.thinkmate.com/product/micron/mtfddak240mbb-1ae1zabyy SSD
http://www.thinkmate.com/product/micron/mtfddak240mbp-1an1zabyy SSD
http://www.thinkmate.com/product/samsung/mz-7lm240e SSD
http://www.thinkmate.com/product/samsung/mz-7km240e SSD
http://www.thinkmate.com/product/crucial/ct250mx200ssd3 SSD
http://www.thinkmate.com/product/samsung/mz-750250bw SSD
http://www.thinkmate.com/product/samsung/mz-75e250b/am SSD
http://www.thinkmate.com/product/samsung/mz-n5e250bw SSD
http://www.thinkmate.com/product/samsung/mz-m5e250bw SSD
http://www.thinkmate.com/product/samsung/mz-v6e250bw SSD
http://www.thinkmate.com/product/hitachi/0b32258 SSD
http://www.thinkmate.com/product/intel/ssdpekkw256g7x1 SSD
http://www.thinkmate.com/product/intel/ssdpekkf256g7x1 SSD
http://www.thinkmate.com/product/micron/mtfddak256tbn-1ar1zabyy SSD
http://www.thinkmate.com/product/micron/mtfddav256tbn-1ar1zabyy SSD
http://www.thinkmate.com/product/samsung/mz-7ke256bw SSD
http://www.thinkmate.com/product/samsung/mz-v5p256bw SSD
http://www.thinkmate.com/product/crucial/ct275mx300ssd1 SSD
http://www.thinkmate.com/product/crucial/ct275mx300ssd4 SSD
http://www.thinkmate.com/product/micron/mtfdjal3t2mbt-2an1zabyy SSD
http://www.thinkmate.com/product/micron/mtfdjal3t2mbs-2an1zabyy SSD
http://www.thinkmate.com/product/samsung/mz-7lm3t8e SSD
http://www.thinkmate.com/product/micron/mtfdjal3t8mbu-2an1zabyy SSD
http://www.thinkmate.com/product/micron/mtfdjal3t8mbt-2an1zabyy SSD
http://www.thinkmate.com/product/intel/ssdsc2kw360h6x1 SSD
http://www.thinkmate.com/product/intel/ssdsckkw360h6x1 SSD
http://www.thinkmate.com/product/intel/ssdsc2kf360h6x1 SSD
http://www.thinkmate.com/product/intel/ssdsckkf360h6x1 SSD
http://www.thinkmate.com/product/samsung/mz-75e4t0b/am SSD
http://www.thinkmate.com/product/intel/ssdpe2mw400g4x1 SSD
http://www.thinkmate.com/product/intel/ssdpe2mx400g401 SSD
http://www.thinkmate.com/product/intel/ssdpe2me400g401 SSD
http://www.thinkmate.com/product/intel/ssdpe2md400g401 SSD
http://www.thinkmate.com/product/intel/ssdsc2bx400g401 SSD
http://www.thinkmate.com/product/intel/ssdsc2ba400g401 SSD
http://www.thinkmate.com/product/micron/mtfdjak400mbt-2an1zabyy SSD
http://www.thinkmate.com/product/micron/mtfdjak400mbs-2an1zabyy SSD
http://www.thinkmate.com/product/micron/mtfdjak400mbw-2an1zabyy SSD
http://www.thinkmate.com/product/hitachi/0b32259 SSD
http://www.thinkmate.com/product/hitachi/0b32070 SSD
http://www.thinkmate.com/product/toshiba/px02smf040 SSD
http://www.thinkmate.com/product/toshiba/px02ssf040 SSD
http://www.thinkmate.com/product/toshiba/px03snf040 SSD
http://www.thinkmate.com/product/intel/ssdpe2mx450g701 SSD
http://www.thinkmate.com/product/intel/ssdsc2kw480h6x1 SSD
http://www.thinkmate.com/product/intel/ssdsckkw480h6x1 SSD
http://www.thinkmate.com/product/intel/ssdsc2ki480h601 SSD
http://www.thinkmate.com/product/intel/ssdsc2bb480g601 SSD
http://www.thinkmate.com/product/intel/ssdsc2bb480g701 SSD
http://www.thinkmate.com/product/intel/ssdsc2kf480h6x1 SSD
http://www.thinkmate.com/product/intel/ssdsckkf480h6x1 SSD
http://www.thinkmate.com/product/micron/mtfddak480mbb-1ae1zabyy SSD
http://www.thinkmate.com/product/micron/mtfddak480mbp-1an1zabyy SSD
http://www.thinkmate.com/product/micron/mtfdjak480mbt-2an1zabyy SSD
http://www.thinkmate.com/product/samsung/mz-7lm480e SSD
http://www.thinkmate.com/product/samsung/mz-7km480e SSD
http://www.thinkmate.com/product/crucial/ct500mx200ssd3 SSD
http://www.thinkmate.com/product/samsung/mz-750500bw SSD
http://www.thinkmate.com/product/samsung/mz-75e500b/am SSD
http://www.thinkmate.com/product/samsung/mz-n5e500bw SSD
http://www.thinkmate.com/product/samsung/mz-m5e500bw SSD
http://www.thinkmate.com/product/samsung/mz-v6e500bw SSD
http://www.thinkmate.com/product/hitachi/0b32260 SSD
http://www.thinkmate.com/product/intel/ssdpekkw512g7x1 SSD
http://www.thinkmate.com/product/intel/ssdpekkf512g7x1 SSD
http://www.thinkmate.com/product/micron/mtfddak512tbn-1ar1zabyy SSD
http://www.thinkmate.com/product/micron/mtfddav512tbn-1ar1zabyy SSD
http://www.thinkmate.com/product/samsung/mz-7ke512bw SSD
http://www.thinkmate.com/product/samsung/mz-v5p512bw SSD
http://www.thinkmate.com/product/samsung/mz-v6p512bw SSD
http://www.thinkmate.com/product/crucial/ct525mx300ssd1 SSD
http://www.thinkmate.com/product/crucial/ct525mx300ssd4 SSD
http://www.thinkmate.com/product/intel/ssdpe2mw800g4x1 SSD
http://www.thinkmate.com/product/intel/ssdpe2me800g401 SSD
http://www.thinkmate.com/product/intel/ssdpe2md800g401 SSD
http://www.thinkmate.com/product/intel/ssdsc2bb800g601 SSD
http://www.thinkmate.com/product/intel/ssdsc2bb800g701 SSD
http://www.thinkmate.com/product/intel/ssdsc2bx800g401 SSD
http://www.thinkmate.com/product/intel/ssdsc2ba800g401 SSD
http://www.thinkmate.com/product/micron/mtfddak800mbb-1ae1zabyy SSD
http://www.thinkmate.com/product/micron/mtfddak800mbp-1an1zabyy SSD
http://www.thinkmate.com/product/micron/mtfdjak800mbt-2an1zabyy SSD
http://www.thinkmate.com/product/micron/mtfdjak800mbs-2an1zabyy SSD
http://www.thinkmate.com/product/hitachi/0b32261 SSD
http://www.thinkmate.com/product/hitachi/0b32071 SSD
http://www.thinkmate.com/product/toshiba/px02smf080 SSD
http://www.thinkmate.com/product/toshiba/px02ssb080 SSD
http://www.thinkmate.com/product/toshiba/px03snf080 SSD
http://www.thinkmate.com/product/intel/ssdsc2bb080g601 SSD
http://www.thinkmate.com/product/intel/ssdsc2bb960g701 SSD
http://www.thinkmate.com/product/micron/mtfddak960mbp-1an1zabyy SSD
http://www.thinkmate.com/product/micron/mtfdjak960mbt-2an1zabyy SSD
http://www.thinkmate.com/product/samsung/mz-7lm960e SSD
http://www.thinkmate.com/product/samsung/mz-7km960e SSD
